<?xml version="1.0" encoding="UTF-8"?>
<!-- Generated by org.testng.reporters.JUnitReportReporter -->
<testsuite skipped="0" hostname="CBT-LAB-005" name="com.hrm.scripts.TestSearchButton" tests="1" failures="0" timestamp="25 Feb 2018 09:50:25 GMT" time="8.732" errors="0">
  <testcase name="testSearchButton" time="8.732" classname="com.hrm.scripts.TestSearchButton"/>
</testsuite> <!-- com.hrm.scripts.TestSearchButton -->
