<?xml version="1.0" encoding="UTF-8"?>
<!-- Generated by org.testng.reporters.JUnitReportReporter -->
<testsuite hostname="QSP-BTM-FAC-PC" name="com.hrm.scripts.TestLoginButtonIsPresent" tests="1" failures="0" timestamp="9 Apr 2017 11:52:20 GMT" time="0.882" errors="0">
  <testcase name="testLoginButtonIsPresent" time="0.882" classname="com.hrm.scripts.TestLoginButtonIsPresent"/>
</testsuite> <!-- com.hrm.scripts.TestLoginButtonIsPresent -->
