<?xml version="1.0" encoding="UTF-8"?>
<!-- Generated by org.testng.reporters.JUnitReportReporter -->
<testsuite hostname="QSP-BTM-FAC-PC" name="com.hrm.scripts.TestCreateDeleteEmp" tests="1" failures="0" timestamp="9 Apr 2017 11:52:20 GMT" time="19.410" errors="0">
  <testcase name="testCreateDeleteEmp" time="19.410" classname="com.hrm.scripts.TestCreateDeleteEmp"/>
</testsuite> <!-- com.hrm.scripts.TestCreateDeleteEmp -->
