<?xml version="1.0" encoding="UTF-8"?>
<!-- Generated by org.testng.reporters.JUnitReportReporter -->
<testsuite skipped="0" hostname="CBT-LAB-005" name="com.hrm.scripts.LoginLogoutTest" tests="1" failures="0" timestamp="25 Feb 2018 09:50:25 GMT" time="11.511" errors="0">
  <testcase name="testAutoLoginLogout1" time="11.511" classname="com.hrm.scripts.LoginLogoutTest"/>
</testsuite> <!-- com.hrm.scripts.LoginLogoutTest -->
